<?xml version="1.0" encoding="UTF-8"?>
<testsuite name="com.example.tablesoccer.repository.MatchHistoryTest" tests="2" skipped="0" failures="0" errors="0" timestamp="2025-04-23T10:54:12" hostname="ROGER-LENOVO" time="0.05">
  <properties/>
  <testcase name="testSaveAndGetAllMatches()" classname="com.example.tablesoccer.repository.MatchHistoryTest" time="0.025"/>
  <testcase name="testGetMatchesByPlayer()" classname="com.example.tablesoccer.repository.MatchHistoryTest" time="0.023"/>
  <system-out><![CDATA[]]></system-out>
  <system-err><![CDATA[]]></system-err>
</testsuite>
