<?xml version="1.0" encoding="UTF-8"?>
<testsuite name="com.example.tablesoccer.service.MatchServiceTest" tests="2" skipped="0" failures="0" errors="0" timestamp="2025-04-23T10:54:12" hostname="ROGER-LENOVO" time="0.312">
  <properties/>
  <testcase name="testRecordMatch()" classname="com.example.tablesoccer.service.MatchServiceTest" time="0.306"/>
  <testcase name="testGetPlayerMatches()" classname="com.example.tablesoccer.service.MatchServiceTest" time="0.005"/>
  <system-out><![CDATA[]]></system-out>
  <system-err><![CDATA[]]></system-err>
</testsuite>
