<?xml version="1.0" encoding="UTF-8"?>
<testsuite name="com.example.tablesoccer.controller.DebtControllerTest" tests="4" skipped="0" failures="0" errors="0" timestamp="2025-04-23T10:54:08" hostname="ROGER-LENOVO" time="1.953">
  <properties/>
  <testcase name="testRecordPaymentInvalidRequest()" classname="com.example.tablesoccer.controller.DebtControllerTest" time="1.463"/>
  <testcase name="testGetPlayerDebts()" classname="com.example.tablesoccer.controller.DebtControllerTest" time="0.443"/>
  <testcase name="testGetAllDebts()" classname="com.example.tablesoccer.controller.DebtControllerTest" time="0.012"/>
  <testcase name="testRecordPayment()" classname="com.example.tablesoccer.controller.DebtControllerTest" time="0.026"/>
  <system-out><![CDATA[2025-04-23T17:54:07.702+07:00  INFO 33816 --- [    Test worker] t.c.s.AnnotationConfigContextLoaderUtils : Could not detect default configuration classes for test class [com.example.tablesoccer.controller.DebtControllerTest]: DebtControllerTest does not declare any static, non-private, non-final, nested classes annotated with @Configuration.
2025-04-23T17:54:07.737+07:00  INFO 33816 --- [    Test worker] .b.t.c.SpringBootTestContextBootstrapper : Found @SpringBootConfiguration com.example.tablesoccer.TableSoccerApplication for test class com.example.tablesoccer.controller.DebtControllerTest

  .   ____          _            __ _ _
 /\\ / ___'_ __ _ _(_)_ __  __ _ \ \ \ \
( ( )\___ | '_ | '_| | '_ \/ _` | \ \ \ \
 \\/  ___)| |_)| | | | | || (_| |  ) ) ) )
  '  |____| .__|_| |_|_| |_\__, | / / / /
 =========|_|==============|___/=/_/_/_/
 :: Spring Boot ::                (v3.1.0)

2025-04-23T17:54:07.792+07:00  INFO 33816 --- [    Test worker] c.e.t.controller.DebtControllerTest      : Starting DebtControllerTest using Java 21 with PID 33816 (started by RogerBui in C:\SMG\_playground\table-soccer-ledger\try1)
2025-04-23T17:54:07.792+07:00  INFO 33816 --- [    Test worker] c.e.t.controller.DebtControllerTest      : No active profile set, falling back to 1 default profile: "default"
2025-04-23T17:54:08.806+07:00  INFO 33816 --- [    Test worker] o.s.b.t.m.w.SpringBootMockServletContext : Initializing Spring TestDispatcherServlet ''
2025-04-23T17:54:08.806+07:00  INFO 33816 --- [    Test worker] o.s.t.web.servlet.TestDispatcherServlet  : Initializing Servlet ''
2025-04-23T17:54:08.816+07:00  INFO 33816 --- [    Test worker] o.s.t.web.servlet.TestDispatcherServlet  : Completed initialization in 2 ms
2025-04-23T17:54:08.849+07:00  INFO 33816 --- [    Test worker] c.e.t.controller.DebtControllerTest      : Started DebtControllerTest in 1.105 seconds (process running for 8.924)
2025-04-23T17:54:10.252+07:00  WARN 33816 --- [    Test worker] .w.s.m.s.DefaultHandlerExceptionResolver : Resolved [org.springframework.web.bind.MethodArgumentNotValidException: Validation failed for argument [0] in public org.springframework.http.ResponseEntity<java.lang.Void> com.example.tablesoccer.controller.DebtController.recordPayment(com.example.tablesoccer.model.PaymentRequest) with 3 errors: [Field error in object 'paymentRequest' on field 'to': rejected value [null]; codes [NotBlank.paymentRequest.to,NotBlank.to,NotBlank.java.lang.String,NotBlank]; arguments [org.springframework.context.support.DefaultMessageSourceResolvable: codes [paymentRequest.to,to]; arguments []; default message [to]]; default message [To player is required]] [Field error in object 'paymentRequest' on field 'amount': rejected value [null]; codes [NotNull.paymentRequest.amount,NotNull.amount,NotNull.java.lang.Integer,NotNull]; arguments [org.springframework.context.support.DefaultMessageSourceResolvable: codes [paymentRequest.amount,amount]; arguments []; default message [amount]]; default message [Amount is required]] [Field error in object 'paymentRequest' on field 'from': rejected value [null]; codes [NotBlank.paymentRequest.from,NotBlank.from,NotBlank.java.lang.String,NotBlank]; arguments [org.springframework.context.support.DefaultMessageSourceResolvable: codes [paymentRequest.from,from]; arguments []; default message [from]]; default message [From player is required]] ]
]]></system-out>
  <system-err><![CDATA[]]></system-err>
</testsuite>
